Controlador de execução do SIMAN.

3.3074586 Horas>
                                      ARENA Simulation Results
                                      Fabio - License: STUDENT

                                  Sumário para Replicação 1 de 1

Projeto: Unnamed Project                                             Data da execução :12/ 8/2020
Analista: Fabio                                                       Data de revisão do modelo:12/ 8/2020

Replicação terminada no tempo de      : 3.3074586 Horas 
Unidade de Tempo Base: Horas

                                           VARIÁVEIS DE REGISTRO

Identificador                                  Média   Meia Largura  Mínimo    Máximo   Observações
___________________________________________________________________________________________________

Entity 1.VATime                             .27996     (Insuf)    .00000     .52302          9    
Entity 1.NVATime                            .00000     (Insuf)    .00000     .00000          9    
Entity 1.WaitTime                           .12234     (Insuf)    .00000     .40539          9    
Entity 1.TranTime                           .00000     (Insuf)    .00000     .00000          9    
Entity 1.OtherTime                          .00000     (Insuf)    .00000     .00000          9    
Entity 1.TotalTime                          .40229     (Insuf)    .18193     .89155          9    
Emergência sem Risco de Vida.Queue.Waiting  .13853     (Insuf)    .00000     .40539          7    
Falsa.Queue.WaitingTime                     .04801     (Insuf)    .00000     .12249          3    
Emergencia com Risco Vida.Queue.WaitingTim      --         --         --         --          0

                                     VARIÁVEIS DISCRETAS

Identificador                                 Média   Meia Largura  Mínimo    Máximo   Valor Final
___________________________________________________________________________________________________

Entity 1.WIP                                1.1779     (Insuf)    .00000     3.0000     2.0000    
Resource 1.NumberBusy                       .82510     (Insuf)    .00000     1.0000     1.0000    
Resource 1.NumberScheduled                  1.0000     (Insuf)    1.0000     1.0000     1.0000    
Resource 1.Utilization                      .82510     (Insuf)    .00000     1.0000     1.0000    
Emergência sem Risco de Vida.Queue.NumberI  .30930     (Insuf)    .00000     2.0000     1.0000    
Falsa.Queue.NumberInQueue                   .04355     (Insuf)    .00000     1.0000     .00000    
Emergencia com Risco Vida.Queue.NumberInQu  .00000     (Insuf)    .00000     .00000     .00000    

                                             RESULTADOS

Identificador                                   Valor
_____________________________________________________________

Entity 1.NumberIn                           11.000    
Entity 1.NumberOut                          9.0000    
Resource 1.NumberSeized                     10.000    
Resource 1.ScheduledUtilization             .82510    
System.NumberOut                            9.0000    


Tempo executando a simulação: 0.12 minutos.
Simulação completada.
